

Started GET "/" for 127.0.0.1 at 2015-03-03 15:33:56 -0600
Processing by Rails::WelcomeController#index as HTML
  Rendered /home/oaksu-san/.rvm/gems/ruby-2.2.0/gems/railties-4.2.0/lib/rails/templates/rails/welcome/index.html.erb (1.0ms)
Completed 200 OK in 52ms (Views: 45.3ms | ActiveRecord: 0.0ms)
  [1m[36m (148.2ms)[0m  [1mCREATE TABLE "schema_migrations" ("version" varchar NOT NULL) [0m
  [1m[35m (0.1ms)[0m  select sqlite_version(*)
  [1m[36m (176.2ms)[0m  [1mCREATE UNIQUE INDEX "unique_schema_migrations" ON "schema_migrations" ("version")[0m
  [1m[35mActiveRecord::SchemaMigration Load (0.1ms)[0m  SELECT "schema_migrations".* FROM "schema_migrations"
Migrating to CreateUsers (20150305224000)
  [1m[36m (0.2ms)[0m  [1mbegin transaction[0m
  [1m[35m (0.8ms)[0m  CREATE TABLE "users" ("id" INTEGER PRIMARY KEY AUTOINCREMENT NOT NULL, "fitbitid" varchar, "name" varchar, "city" varchar, "state" varchar, "gender" varchar, "created_at" datetime NOT NULL, "updated_at" datetime NOT NULL) 
  [1m[36mSQL (0.2ms)[0m  [1mINSERT INTO "schema_migrations" ("version") VALUES (?)[0m  [["version", "20150305224000"]]
  [1m[35m (159.1ms)[0m  commit transaction
  [1m[36mActiveRecord::SchemaMigration Load (0.1ms)[0m  [1mSELECT "schema_migrations".* FROM "schema_migrations"[0m
  [1m[36mActiveRecord::SchemaMigration Load (0.1ms)[0m  [1mSELECT "schema_migrations".* FROM "schema_migrations"[0m
  [1m[35mActiveRecord::SchemaMigration Load (0.1ms)[0m  SELECT "schema_migrations".* FROM "schema_migrations"
Migrating to CreateUsers (20150305224000)
  [1m[36m (0.1ms)[0m  [1mbegin transaction[0m
  [1m[35m (0.2ms)[0m  DROP TABLE "users"
  [1m[36mSQL (0.2ms)[0m  [1mDELETE FROM "schema_migrations" WHERE "schema_migrations"."version" = ?[0m  [["version", "20150305224000"]]
  [1m[35m (137.9ms)[0m  commit transaction
  [1m[36mActiveRecord::SchemaMigration Load (0.1ms)[0m  [1mSELECT "schema_migrations".* FROM "schema_migrations"[0m
  [1m[36mActiveRecord::SchemaMigration Load (0.1ms)[0m  [1mSELECT "schema_migrations".* FROM "schema_migrations"[0m
Migrating to CreateUsers (20150305224000)
  [1m[35m (0.1ms)[0m  begin transaction
  [1m[36m (0.2ms)[0m  [1mCREATE TABLE "users" ("id" INTEGER PRIMARY KEY AUTOINCREMENT NOT NULL, "fitbitid" varchar, "name" varchar, "city" varchar, "state" varchar, "gender" varchar, "created_at" datetime NOT NULL, "updated_at" datetime NOT NULL) [0m
  [1m[35mSQL (0.1ms)[0m  INSERT INTO "schema_migrations" ("version") VALUES (?)  [["version", "20150305224000"]]
  [1m[36m (106.5ms)[0m  [1mcommit transaction[0m
  [1m[35mActiveRecord::SchemaMigration Load (0.2ms)[0m  SELECT "schema_migrations".* FROM "schema_migrations"
  [1m[36mActiveRecord::SchemaMigration Load (0.1ms)[0m  [1mSELECT "schema_migrations".* FROM "schema_migrations"[0m
  [1m[35mActiveRecord::SchemaMigration Load (0.0ms)[0m  SELECT "schema_migrations".* FROM "schema_migrations"
Migrating to CreateUsers (20150305224000)
  [1m[36m (0.1ms)[0m  [1mbegin transaction[0m
  [1m[35m (0.2ms)[0m  DROP TABLE "users"
  [1m[36mSQL (0.1ms)[0m  [1mDELETE FROM "schema_migrations" WHERE "schema_migrations"."version" = ?[0m  [["version", "20150305224000"]]
  [1m[35m (124.5ms)[0m  commit transaction
  [1m[36mActiveRecord::SchemaMigration Load (0.2ms)[0m  [1mSELECT "schema_migrations".* FROM "schema_migrations"[0m
  [1m[36mActiveRecord::SchemaMigration Load (0.1ms)[0m  [1mSELECT "schema_migrations".* FROM "schema_migrations"[0m
Migrating to CreateUsers (20150305224000)
  [1m[35m (0.1ms)[0m  begin transaction
  [1m[36m (0.3ms)[0m  [1mCREATE TABLE "users" ("id" INTEGER PRIMARY KEY AUTOINCREMENT NOT NULL, "fitbitid" varchar, "name" varchar, "created_at" datetime NOT NULL, "updated_at" datetime NOT NULL) [0m
  [1m[35mSQL (0.1ms)[0m  INSERT INTO "schema_migrations" ("version") VALUES (?)  [["version", "20150305224000"]]
  [1m[36m (117.8ms)[0m  [1mcommit transaction[0m
  [1m[35mActiveRecord::SchemaMigration Load (0.2ms)[0m  SELECT "schema_migrations".* FROM "schema_migrations"


Started GET "/auth/fitbit" for 127.0.0.1 at 2015-03-10 15:07:24 -0500
  [1m[36mActiveRecord::SchemaMigration Load (0.1ms)[0m  [1mSELECT "schema_migrations".* FROM "schema_migrations"[0m


Started GET "/auth/fitbit/callback?oauth_token=038fe8297e8274a88bd0e8808a3f9944&oauth_verifier=tj83o8shab12i2uuevst7rsn3" for 127.0.0.1 at 2015-03-10 15:07:31 -0500
Processing by SessionsController#create as HTML
  Parameters: {"oauth_token"=>"038fe8297e8274a88bd0e8808a3f9944", "oauth_verifier"=>"tj83o8shab12i2uuevst7rsn3", "provider"=>"fitbit"}
  Rendered text template (0.0ms)
Completed 200 OK in 35ms (Views: 34.5ms | ActiveRecord: 0.0ms)
  [1m[36mActiveRecord::SchemaMigration Load (0.1ms)[0m  [1mSELECT "schema_migrations".* FROM "schema_migrations"[0m
  [1m[35mActiveRecord::SchemaMigration Load (0.0ms)[0m  SELECT "schema_migrations".* FROM "schema_migrations"
Migrating to CreateUsers (20150305224000)
  [1m[36m (0.0ms)[0m  [1mbegin transaction[0m
  [1m[35m (0.2ms)[0m  DROP TABLE "users"
  [1m[36mSQL (0.1ms)[0m  [1mDELETE FROM "schema_migrations" WHERE "schema_migrations"."version" = ?[0m  [["version", "20150305224000"]]
  [1m[35m (130.4ms)[0m  commit transaction
  [1m[36mActiveRecord::SchemaMigration Load (0.0ms)[0m  [1mSELECT "schema_migrations".* FROM "schema_migrations"[0m
  [1m[36mActiveRecord::SchemaMigration Load (0.0ms)[0m  [1mSELECT "schema_migrations".* FROM "schema_migrations"[0m
Migrating to CreateUsers (20150305224000)
  [1m[35m (0.0ms)[0m  begin transaction
  [1m[36m (0.2ms)[0m  [1mCREATE TABLE "users" ("id" INTEGER PRIMARY KEY AUTOINCREMENT NOT NULL, "email" varchar, "name" varchar, "created_at" datetime NOT NULL, "updated_at" datetime NOT NULL) [0m
  [1m[35mSQL (0.1ms)[0m  INSERT INTO "schema_migrations" ("version") VALUES (?)  [["version", "20150305224000"]]
  [1m[36m (130.6ms)[0m  [1mcommit transaction[0m
  [1m[35mActiveRecord::SchemaMigration Load (0.2ms)[0m  SELECT "schema_migrations".* FROM "schema_migrations"


Started GET "/" for 127.0.0.1 at 2015-03-10 15:29:58 -0500
  [1m[36mActiveRecord::SchemaMigration Load (0.1ms)[0m  [1mSELECT "schema_migrations".* FROM "schema_migrations"[0m

ActiveRecord::PendingMigrationError (

Migrations are pending. To resolve this issue, run:

	bin/rake db:migrate RAILS_ENV=development

):
  activerecord (4.2.0) lib/active_record/migration.rb:393:in `check_pending!'
  activerecord (4.2.0) lib/active_record/migration.rb:374:in `call'
  actionpack (4.2.0) lib/action_dispatch/middleware/callbacks.rb:29:in `block in call'
  activesupport (4.2.0) lib/active_support/callbacks.rb:88:in `call'
  activesupport (4.2.0) lib/active_support/callbacks.rb:88:in `_run_callbacks'
  activesupport (4.2.0) lib/active_support/callbacks.rb:734:in `_run_call_callbacks'
  activesupport (4.2.0) lib/active_support/callbacks.rb:81:in `run_callbacks'
  actionpack (4.2.0) lib/action_dispatch/middleware/callbacks.rb:27:in `call'
  actionpack (4.2.0) lib/action_dispatch/middleware/reloader.rb:73:in `call'
  actionpack (4.2.0) lib/action_dispatch/middleware/remote_ip.rb:78:in `call'
  actionpack (4.2.0) lib/action_dispatch/middleware/debug_exceptions.rb:17:in `call'
  web-console (2.1.0) lib/web_console/middleware.rb:37:in `call'
  actionpack (4.2.0) lib/action_dispatch/middleware/show_exceptions.rb:30:in `call'
  railties (4.2.0) lib/rails/rack/logger.rb:38:in `call_app'
  railties (4.2.0) lib/rails/rack/logger.rb:20:in `block in call'
  activesupport (4.2.0) lib/active_support/tagged_logging.rb:68:in `block in tagged'
  activesupport (4.2.0) lib/active_support/tagged_logging.rb:26:in `tagged'
  activesupport (4.2.0) lib/active_support/tagged_logging.rb:68:in `tagged'
  railties (4.2.0) lib/rails/rack/logger.rb:20:in `call'
  actionpack (4.2.0) lib/action_dispatch/middleware/request_id.rb:21:in `call'
  rack (1.6.0) lib/rack/methodoverride.rb:22:in `call'
  rack (1.6.0) lib/rack/runtime.rb:18:in `call'
  activesupport (4.2.0) lib/active_support/cache/strategy/local_cache_middleware.rb:28:in `call'
  rack (1.6.0) lib/rack/lock.rb:17:in `call'
  actionpack (4.2.0) lib/action_dispatch/middleware/static.rb:113:in `call'
  rack (1.6.0) lib/rack/sendfile.rb:113:in `call'
  railties (4.2.0) lib/rails/engine.rb:518:in `call'
  railties (4.2.0) lib/rails/application.rb:164:in `call'
  rack (1.6.0) lib/rack/lock.rb:17:in `call'
  rack (1.6.0) lib/rack/content_length.rb:15:in `call'
  rack (1.6.0) lib/rack/handler/webrick.rb:89:in `service'
  /home/oaksu-san/.rvm/rubies/ruby-2.2.0/lib/ruby/2.2.0/webrick/httpserver.rb:138:in `service'
  /home/oaksu-san/.rvm/rubies/ruby-2.2.0/lib/ruby/2.2.0/webrick/httpserver.rb:94:in `run'
  /home/oaksu-san/.rvm/rubies/ruby-2.2.0/lib/ruby/2.2.0/webrick/server.rb:294:in `block in start_thread'


  Rendered /home/oaksu-san/.rvm/gems/ruby-2.2.0/gems/actionpack-4.2.0/lib/action_dispatch/middleware/templates/rescues/_source.erb (1.8ms)
  Rendered /home/oaksu-san/.rvm/gems/ruby-2.2.0/gems/actionpack-4.2.0/lib/action_dispatch/middleware/templates/rescues/_trace.html.erb (1.1ms)
  Rendered /home/oaksu-san/.rvm/gems/ruby-2.2.0/gems/actionpack-4.2.0/lib/action_dispatch/middleware/templates/rescues/_request_and_response.html.erb (0.7ms)
  Rendered /home/oaksu-san/.rvm/gems/ruby-2.2.0/gems/actionpack-4.2.0/lib/action_dispatch/middleware/templates/rescues/diagnostics.html.erb within rescues/layout (21.7ms)
  Rendered /home/oaksu-san/.rvm/gems/ruby-2.2.0/gems/web-console-2.1.0/lib/web_console/templates/_markup.html (0.2ms)
  Rendered /home/oaksu-san/.rvm/gems/ruby-2.2.0/gems/web-console-2.1.0/lib/web_console/templates/style.css within layouts/inlined_string (0.2ms)
  Rendered /home/oaksu-san/.rvm/gems/ruby-2.2.0/gems/web-console-2.1.0/lib/web_console/templates/_inner_console_markup.html within layouts/inlined_string (0.2ms)
  Rendered /home/oaksu-san/.rvm/gems/ruby-2.2.0/gems/web-console-2.1.0/lib/web_console/templates/_prompt_box_markup.html within layouts/inlined_string (0.2ms)
  Rendered /home/oaksu-san/.rvm/gems/ruby-2.2.0/gems/web-console-2.1.0/lib/web_console/templates/console.js within layouts/javascript (10.7ms)
  Rendered /home/oaksu-san/.rvm/gems/ruby-2.2.0/gems/web-console-2.1.0/lib/web_console/templates/main.js within layouts/javascript (0.3ms)
  Rendered /home/oaksu-san/.rvm/gems/ruby-2.2.0/gems/web-console-2.1.0/lib/web_console/templates/error_page.js within layouts/javascript (0.4ms)
  Rendered /home/oaksu-san/.rvm/gems/ruby-2.2.0/gems/web-console-2.1.0/lib/web_console/templates/index.html (31.2ms)
  [1m[36mActiveRecord::SchemaMigration Load (0.1ms)[0m  [1mSELECT "schema_migrations".* FROM "schema_migrations"[0m
Migrating to CreateAuthorizations (20150310201505)
  [1m[35m (0.1ms)[0m  begin transaction
  [1m[36m (0.2ms)[0m  [1mCREATE TABLE "authorizations" ("id" INTEGER PRIMARY KEY AUTOINCREMENT NOT NULL, "provider" varchar, "uid" varchar, "user_id" varchar, "created_at" datetime NOT NULL, "updated_at" datetime NOT NULL) [0m
  [1m[35mSQL (0.1ms)[0m  INSERT INTO "schema_migrations" ("version") VALUES (?)  [["version", "20150310201505"]]
  [1m[36m (107.6ms)[0m  [1mcommit transaction[0m
  [1m[35mActiveRecord::SchemaMigration Load (0.2ms)[0m  SELECT "schema_migrations".* FROM "schema_migrations"


Started GET "/" for 127.0.0.1 at 2015-03-10 15:30:20 -0500
  [1m[36mActiveRecord::SchemaMigration Load (0.1ms)[0m  [1mSELECT "schema_migrations".* FROM "schema_migrations"[0m

ActionController::RoutingError (uninitialized constant WelcomeController):
  activesupport (4.2.0) lib/active_support/inflector/methods.rb:261:in `const_get'
  activesupport (4.2.0) lib/active_support/inflector/methods.rb:261:in `block in constantize'
  activesupport (4.2.0) lib/active_support/inflector/methods.rb:259:in `each'
  activesupport (4.2.0) lib/active_support/inflector/methods.rb:259:in `inject'
  activesupport (4.2.0) lib/active_support/inflector/methods.rb:259:in `constantize'
  actionpack (4.2.0) lib/action_dispatch/routing/route_set.rb:69:in `controller_reference'
  actionpack (4.2.0) lib/action_dispatch/routing/route_set.rb:59:in `controller'
  actionpack (4.2.0) lib/action_dispatch/routing/route_set.rb:38:in `serve'
  actionpack (4.2.0) lib/action_dispatch/journey/router.rb:43:in `block in serve'
  actionpack (4.2.0) lib/action_dispatch/journey/router.rb:30:in `each'
  actionpack (4.2.0) lib/action_dispatch/journey/router.rb:30:in `serve'
  actionpack (4.2.0) lib/action_dispatch/routing/route_set.rb:802:in `call'
  omniauth (1.2.2) lib/omniauth/strategy.rb:186:in `call!'
  omniauth (1.2.2) lib/omniauth/strategy.rb:164:in `call'
  omniauth (1.2.2) lib/omniauth/builder.rb:59:in `call'
  rack (1.6.0) lib/rack/etag.rb:24:in `call'
  rack (1.6.0) lib/rack/conditionalget.rb:25:in `call'
  rack (1.6.0) lib/rack/head.rb:13:in `call'
  actionpack (4.2.0) lib/action_dispatch/middleware/params_parser.rb:27:in `call'
  actionpack (4.2.0) lib/action_dispatch/middleware/flash.rb:260:in `call'
  rack (1.6.0) lib/rack/session/abstract/id.rb:225:in `context'
  rack (1.6.0) lib/rack/session/abstract/id.rb:220:in `call'
  actionpack (4.2.0) lib/action_dispatch/middleware/cookies.rb:560:in `call'
  activerecord (4.2.0) lib/active_record/query_cache.rb:36:in `call'
  activerecord (4.2.0) lib/active_record/connection_adapters/abstract/connection_pool.rb:647:in `call'
  activerecord (4.2.0) lib/active_record/migration.rb:378:in `call'
  actionpack (4.2.0) lib/action_dispatch/middleware/callbacks.rb:29:in `block in call'
  activesupport (4.2.0) lib/active_support/callbacks.rb:88:in `call'
  activesupport (4.2.0) lib/active_support/callbacks.rb:88:in `_run_callbacks'
  activesupport (4.2.0) lib/active_support/callbacks.rb:734:in `_run_call_callbacks'
  activesupport (4.2.0) lib/active_support/callbacks.rb:81:in `run_callbacks'
  actionpack (4.2.0) lib/action_dispatch/middleware/callbacks.rb:27:in `call'
  actionpack (4.2.0) lib/action_dispatch/middleware/reloader.rb:73:in `call'
  actionpack (4.2.0) lib/action_dispatch/middleware/remote_ip.rb:78:in `call'
  actionpack (4.2.0) lib/action_dispatch/middleware/debug_exceptions.rb:17:in `call'
  web-console (2.1.0) lib/web_console/middleware.rb:37:in `call'
  actionpack (4.2.0) lib/action_dispatch/middleware/show_exceptions.rb:30:in `call'
  railties (4.2.0) lib/rails/rack/logger.rb:38:in `call_app'
  railties (4.2.0) lib/rails/rack/logger.rb:20:in `block in call'
  activesupport (4.2.0) lib/active_support/tagged_logging.rb:68:in `block in tagged'
  activesupport (4.2.0) lib/active_support/tagged_logging.rb:26:in `tagged'
  activesupport (4.2.0) lib/active_support/tagged_logging.rb:68:in `tagged'
  railties (4.2.0) lib/rails/rack/logger.rb:20:in `call'
  actionpack (4.2.0) lib/action_dispatch/middleware/request_id.rb:21:in `call'
  rack (1.6.0) lib/rack/methodoverride.rb:22:in `call'
  rack (1.6.0) lib/rack/runtime.rb:18:in `call'
  activesupport (4.2.0) lib/active_support/cache/strategy/local_cache_middleware.rb:28:in `call'
  rack (1.6.0) lib/rack/lock.rb:17:in `call'
  actionpack (4.2.0) lib/action_dispatch/middleware/static.rb:113:in `call'
  rack (1.6.0) lib/rack/sendfile.rb:113:in `call'
  railties (4.2.0) lib/rails/engine.rb:518:in `call'
  railties (4.2.0) lib/rails/application.rb:164:in `call'
  rack (1.6.0) lib/rack/lock.rb:17:in `call'
  rack (1.6.0) lib/rack/content_length.rb:15:in `call'
  rack (1.6.0) lib/rack/handler/webrick.rb:89:in `service'
  /home/oaksu-san/.rvm/rubies/ruby-2.2.0/lib/ruby/2.2.0/webrick/httpserver.rb:138:in `service'
  /home/oaksu-san/.rvm/rubies/ruby-2.2.0/lib/ruby/2.2.0/webrick/httpserver.rb:94:in `run'
  /home/oaksu-san/.rvm/rubies/ruby-2.2.0/lib/ruby/2.2.0/webrick/server.rb:294:in `block in start_thread'


  Rendered /home/oaksu-san/.rvm/gems/ruby-2.2.0/gems/actionpack-4.2.0/lib/action_dispatch/middleware/templates/rescues/_trace.html.erb (1.7ms)
  Rendered /home/oaksu-san/.rvm/gems/ruby-2.2.0/gems/actionpack-4.2.0/lib/action_dispatch/middleware/templates/routes/_route.html.erb (1.0ms)
  Rendered /home/oaksu-san/.rvm/gems/ruby-2.2.0/gems/actionpack-4.2.0/lib/action_dispatch/middleware/templates/routes/_table.html.erb (21.0ms)
  Rendered /home/oaksu-san/.rvm/gems/ruby-2.2.0/gems/actionpack-4.2.0/lib/action_dispatch/middleware/templates/rescues/_request_and_response.html.erb (8.3ms)
  Rendered /home/oaksu-san/.rvm/gems/ruby-2.2.0/gems/actionpack-4.2.0/lib/action_dispatch/middleware/templates/rescues/routing_error.html.erb within rescues/layout (54.4ms)
  Rendered /home/oaksu-san/.rvm/gems/ruby-2.2.0/gems/web-console-2.1.0/lib/web_console/templates/_markup.html (0.3ms)
  Rendered /home/oaksu-san/.rvm/gems/ruby-2.2.0/gems/web-console-2.1.0/lib/web_console/templates/style.css within layouts/inlined_string (0.4ms)
  Rendered /home/oaksu-san/.rvm/gems/ruby-2.2.0/gems/web-console-2.1.0/lib/web_console/templates/_inner_console_markup.html within layouts/inlined_string (0.4ms)
  Rendered /home/oaksu-san/.rvm/gems/ruby-2.2.0/gems/web-console-2.1.0/lib/web_console/templates/_prompt_box_markup.html within layouts/inlined_string (0.3ms)
  Rendered /home/oaksu-san/.rvm/gems/ruby-2.2.0/gems/web-console-2.1.0/lib/web_console/templates/console.js within layouts/javascript (12.0ms)
  Rendered /home/oaksu-san/.rvm/gems/ruby-2.2.0/gems/web-console-2.1.0/lib/web_console/templates/main.js within layouts/javascript (0.3ms)
  Rendered /home/oaksu-san/.rvm/gems/ruby-2.2.0/gems/web-console-2.1.0/lib/web_console/templates/error_page.js within layouts/javascript (0.3ms)
  Rendered /home/oaksu-san/.rvm/gems/ruby-2.2.0/gems/web-console-2.1.0/lib/web_console/templates/index.html (22.3ms)


Started GET "/auth/fitbit" for 127.0.0.1 at 2015-03-10 15:30:26 -0500


Started GET "/auth/fitbit/callback?oauth_token=3ce21fa612dd8157f41c7766b19b233d&oauth_verifier=d45sivvt7lk6t7fmglc1bnvsld" for 127.0.0.1 at 2015-03-10 15:30:33 -0500

SyntaxError (/home/oaksu-san/Documents/CIS526/catbit/app/controllers/sessions_controller.rb:20: syntax error, unexpected end-of-input, expecting keyword_end):
  app/controllers/sessions_controller.rb:20: syntax error, unexpected end-of-input, expecting keyword_end


  Rendered /home/oaksu-san/.rvm/gems/ruby-2.2.0/gems/actionpack-4.2.0/lib/action_dispatch/middleware/templates/rescues/_source.erb (2.6ms)
  Rendered /home/oaksu-san/.rvm/gems/ruby-2.2.0/gems/actionpack-4.2.0/lib/action_dispatch/middleware/templates/rescues/_trace.html.erb (1.3ms)
  Rendered /home/oaksu-san/.rvm/gems/ruby-2.2.0/gems/actionpack-4.2.0/lib/action_dispatch/middleware/templates/rescues/_request_and_response.html.erb (0.8ms)
  Rendered /home/oaksu-san/.rvm/gems/ruby-2.2.0/gems/actionpack-4.2.0/lib/action_dispatch/middleware/templates/rescues/diagnostics.html.erb within rescues/layout (12.5ms)
  Rendered /home/oaksu-san/.rvm/gems/ruby-2.2.0/gems/web-console-2.1.0/lib/web_console/templates/_markup.html (0.2ms)
  Rendered /home/oaksu-san/.rvm/gems/ruby-2.2.0/gems/web-console-2.1.0/lib/web_console/templates/style.css within layouts/inlined_string (0.2ms)
  Rendered /home/oaksu-san/.rvm/gems/ruby-2.2.0/gems/web-console-2.1.0/lib/web_console/templates/_inner_console_markup.html within layouts/inlined_string (0.1ms)
  Rendered /home/oaksu-san/.rvm/gems/ruby-2.2.0/gems/web-console-2.1.0/lib/web_console/templates/_prompt_box_markup.html within layouts/inlined_string (0.1ms)
  Rendered /home/oaksu-san/.rvm/gems/ruby-2.2.0/gems/web-console-2.1.0/lib/web_console/templates/console.js within layouts/javascript (8.9ms)
  Rendered /home/oaksu-san/.rvm/gems/ruby-2.2.0/gems/web-console-2.1.0/lib/web_console/templates/main.js within layouts/javascript (0.2ms)
  Rendered /home/oaksu-san/.rvm/gems/ruby-2.2.0/gems/web-console-2.1.0/lib/web_console/templates/error_page.js within layouts/javascript (0.3ms)
  Rendered /home/oaksu-san/.rvm/gems/ruby-2.2.0/gems/web-console-2.1.0/lib/web_console/templates/index.html (18.8ms)


Started GET "/auth/fitbit" for 127.0.0.1 at 2015-03-10 15:31:22 -0500


Started GET "/auth/fitbit/callback?oauth_token=ef687a9d453866da4634f3464b3b7c8a&oauth_verifier=oprikpm5r2t58mr1pbc016ttmi" for 127.0.0.1 at 2015-03-10 15:31:25 -0500
Processing by SessionsController#create as HTML
  Parameters: {"oauth_token"=>"ef687a9d453866da4634f3464b3b7c8a", "oauth_verifier"=>"oprikpm5r2t58mr1pbc016ttmi", "provider"=>"fitbit"}
  [1m[35mAuthorization Load (0.2ms)[0m  SELECT  "authorizations".* FROM "authorizations" WHERE "authorizations"."provider" = ? AND "authorizations"."uid" = ? LIMIT 1  [["provider", "fitbit"], ["uid", "37W58D"]]
Completed 500 Internal Server Error in 36ms

NoMethodError (undefined method `[]' for nil:NilClass):
  app/controllers/sessions_controller.rb:12:in `create'


  Rendered /home/oaksu-san/.rvm/gems/ruby-2.2.0/gems/actionpack-4.2.0/lib/action_dispatch/middleware/templates/rescues/_source.erb (3.2ms)
  Rendered /home/oaksu-san/.rvm/gems/ruby-2.2.0/gems/actionpack-4.2.0/lib/action_dispatch/middleware/templates/rescues/_trace.html.erb (1.4ms)
  Rendered /home/oaksu-san/.rvm/gems/ruby-2.2.0/gems/actionpack-4.2.0/lib/action_dispatch/middleware/templates/rescues/_request_and_response.html.erb (0.8ms)
  Rendered /home/oaksu-san/.rvm/gems/ruby-2.2.0/gems/actionpack-4.2.0/lib/action_dispatch/middleware/templates/rescues/diagnostics.html.erb within rescues/layout (13.6ms)
  Rendered /home/oaksu-san/.rvm/gems/ruby-2.2.0/gems/web-console-2.1.0/lib/web_console/templates/_markup.html (0.3ms)
  Rendered /home/oaksu-san/.rvm/gems/ruby-2.2.0/gems/web-console-2.1.0/lib/web_console/templates/style.css within layouts/inlined_string (0.5ms)
  Rendered /home/oaksu-san/.rvm/gems/ruby-2.2.0/gems/web-console-2.1.0/lib/web_console/templates/_inner_console_markup.html within layouts/inlined_string (0.2ms)
  Rendered /home/oaksu-san/.rvm/gems/ruby-2.2.0/gems/web-console-2.1.0/lib/web_console/templates/_prompt_box_markup.html within layouts/inlined_string (0.2ms)
  Rendered /home/oaksu-san/.rvm/gems/ruby-2.2.0/gems/web-console-2.1.0/lib/web_console/templates/console.js within layouts/javascript (10.8ms)
  Rendered /home/oaksu-san/.rvm/gems/ruby-2.2.0/gems/web-console-2.1.0/lib/web_console/templates/main.js within layouts/javascript (0.3ms)
  Rendered /home/oaksu-san/.rvm/gems/ruby-2.2.0/gems/web-console-2.1.0/lib/web_console/templates/error_page.js within layouts/javascript (0.3ms)
  Rendered /home/oaksu-san/.rvm/gems/ruby-2.2.0/gems/web-console-2.1.0/lib/web_console/templates/index.html (21.5ms)


Started PUT "/auth/fitbit/console/repl_sessions/e509821fd7b467f0580e47a307925d4c" for 127.0.0.1 at 2015-03-10 15:34:33 -0500


Started PUT "/auth/fitbit/console/repl_sessions/e509821fd7b467f0580e47a307925d4c" for 127.0.0.1 at 2015-03-10 15:34:40 -0500


Started PUT "/auth/fitbit/console/repl_sessions/e509821fd7b467f0580e47a307925d4c" for 127.0.0.1 at 2015-03-10 15:34:43 -0500


Started PUT "/auth/fitbit/console/repl_sessions/e509821fd7b467f0580e47a307925d4c" for 127.0.0.1 at 2015-03-10 15:35:51 -0500


Started PUT "/auth/fitbit/console/repl_sessions/e509821fd7b467f0580e47a307925d4c" for 127.0.0.1 at 2015-03-10 15:36:10 -0500


Started PUT "/auth/fitbit/console/repl_sessions/e509821fd7b467f0580e47a307925d4c" for 127.0.0.1 at 2015-03-10 15:36:17 -0500


Started PUT "/auth/fitbit/console/repl_sessions/e509821fd7b467f0580e47a307925d4c" for 127.0.0.1 at 2015-03-10 15:36:23 -0500


Started PUT "/auth/fitbit/console/repl_sessions/e509821fd7b467f0580e47a307925d4c" for 127.0.0.1 at 2015-03-10 15:36:31 -0500


Started PUT "/auth/fitbit/console/repl_sessions/e509821fd7b467f0580e47a307925d4c" for 127.0.0.1 at 2015-03-10 15:36:39 -0500


Started PUT "/auth/fitbit/console/repl_sessions/e509821fd7b467f0580e47a307925d4c" for 127.0.0.1 at 2015-03-10 15:36:47 -0500


Started PUT "/auth/fitbit/console/repl_sessions/e509821fd7b467f0580e47a307925d4c" for 127.0.0.1 at 2015-03-10 15:37:05 -0500


Started GET "/auth/fitbit/" for 127.0.0.1 at 2015-03-10 15:41:06 -0500


Started GET "/auth/fitbit/callback?oauth_token=db5ece2292a265097a6e56f92cc35017&oauth_verifier=sam8mttino2kd9rf5cg9bdc8qq" for 127.0.0.1 at 2015-03-10 15:41:09 -0500
Processing by SessionsController#create as HTML
  Parameters: {"oauth_token"=>"db5ece2292a265097a6e56f92cc35017", "oauth_verifier"=>"sam8mttino2kd9rf5cg9bdc8qq", "provider"=>"fitbit"}
  [1m[36mAuthorization Load (0.1ms)[0m  [1mSELECT  "authorizations".* FROM "authorizations" WHERE "authorizations"."provider" = ? AND "authorizations"."uid" = ? LIMIT 1[0m  [["provider", "fitbit"], ["uid", "37W58D"]]
  [1m[35m (0.1ms)[0m  begin transaction
  [1m[36m (0.1ms)[0m  [1mrollback transaction[0m
  Rendered text template (0.0ms)
Completed 200 OK in 93ms (Views: 3.4ms | ActiveRecord: 0.7ms)


Started GET "/auth/fitbit/callback?oauth_token=db5ece2292a265097a6e56f92cc35017&oauth_verifier=sam8mttino2kd9rf5cg9bdc8qq" for 127.0.0.1 at 2015-03-10 15:41:16 -0500

NoMethodError (undefined method `[]' for nil:NilClass):
  omniauth-fitbit (1.0.4) lib/omniauth/strategies/fitbit.rb:23:in `block in <class:Fitbit>'
  omniauth (1.2.2) lib/omniauth/strategy.rb:105:in `instance_eval'
  omniauth (1.2.2) lib/omniauth/strategy.rb:105:in `block in compile_stack'
  omniauth (1.2.2) lib/omniauth/strategy.rb:104:in `each'
  omniauth (1.2.2) lib/omniauth/strategy.rb:104:in `inject'
  omniauth (1.2.2) lib/omniauth/strategy.rb:104:in `compile_stack'
  (eval):7:in `info_stack'
  omniauth (1.2.2) lib/omniauth/strategy.rb:321:in `info'
  omniauth (1.2.2) lib/omniauth/strategy.rb:334:in `auth_hash'
  omniauth (1.2.2) lib/omniauth/strategy.rb:361:in `callback_phase'
  omniauth-oauth (1.0.1) lib/omniauth/strategies/oauth.rb:58:in `callback_phase'
  omniauth (1.2.2) lib/omniauth/strategy.rb:227:in `callback_call'
  omniauth (1.2.2) lib/omniauth/strategy.rb:184:in `call!'
  omniauth (1.2.2) lib/omniauth/strategy.rb:164:in `call'
  omniauth (1.2.2) lib/omniauth/builder.rb:59:in `call'
  rack (1.6.0) lib/rack/etag.rb:24:in `call'
  rack (1.6.0) lib/rack/conditionalget.rb:25:in `call'
  rack (1.6.0) lib/rack/head.rb:13:in `call'
  actionpack (4.2.0) lib/action_dispatch/middleware/params_parser.rb:27:in `call'
  actionpack (4.2.0) lib/action_dispatch/middleware/flash.rb:260:in `call'
  rack (1.6.0) lib/rack/session/abstract/id.rb:225:in `context'
  rack (1.6.0) lib/rack/session/abstract/id.rb:220:in `call'
  actionpack (4.2.0) lib/action_dispatch/middleware/cookies.rb:560:in `call'
  activerecord (4.2.0) lib/active_record/query_cache.rb:36:in `call'
  activerecord (4.2.0) lib/active_record/connection_adapters/abstract/connection_pool.rb:647:in `call'
  activerecord (4.2.0) lib/active_record/migration.rb:378:in `call'
  actionpack (4.2.0) lib/action_dispatch/middleware/callbacks.rb:29:in `block in call'
  activesupport (4.2.0) lib/active_support/callbacks.rb:88:in `call'
  activesupport (4.2.0) lib/active_support/callbacks.rb:88:in `_run_callbacks'
  activesupport (4.2.0) lib/active_support/callbacks.rb:734:in `_run_call_callbacks'
  activesupport (4.2.0) lib/active_support/callbacks.rb:81:in `run_callbacks'
  actionpack (4.2.0) lib/action_dispatch/middleware/callbacks.rb:27:in `call'
  actionpack (4.2.0) lib/action_dispatch/middleware/reloader.rb:73:in `call'
  actionpack (4.2.0) lib/action_dispatch/middleware/remote_ip.rb:78:in `call'
  actionpack (4.2.0) lib/action_dispatch/middleware/debug_exceptions.rb:17:in `call'
  web-console (2.1.0) lib/web_console/middleware.rb:37:in `call'
  actionpack (4.2.0) lib/action_dispatch/middleware/show_exceptions.rb:30:in `call'
  railties (4.2.0) lib/rails/rack/logger.rb:38:in `call_app'
  railties (4.2.0) lib/rails/rack/logger.rb:20:in `block in call'
  activesupport (4.2.0) lib/active_support/tagged_logging.rb:68:in `block in tagged'
  activesupport (4.2.0) lib/active_support/tagged_logging.rb:26:in `tagged'
  activesupport (4.2.0) lib/active_support/tagged_logging.rb:68:in `tagged'
  railties (4.2.0) lib/rails/rack/logger.rb:20:in `call'
  actionpack (4.2.0) lib/action_dispatch/middleware/request_id.rb:21:in `call'
  rack (1.6.0) lib/rack/methodoverride.rb:22:in `call'
  rack (1.6.0) lib/rack/runtime.rb:18:in `call'
  activesupport (4.2.0) lib/active_support/cache/strategy/local_cache_middleware.rb:28:in `call'
  rack (1.6.0) lib/rack/lock.rb:17:in `call'
  actionpack (4.2.0) lib/action_dispatch/middleware/static.rb:113:in `call'
  rack (1.6.0) lib/rack/sendfile.rb:113:in `call'
  railties (4.2.0) lib/rails/engine.rb:518:in `call'
  railties (4.2.0) lib/rails/application.rb:164:in `call'
  rack (1.6.0) lib/rack/lock.rb:17:in `call'
  rack (1.6.0) lib/rack/content_length.rb:15:in `call'
  rack (1.6.0) lib/rack/handler/webrick.rb:89:in `service'
  /home/oaksu-san/.rvm/rubies/ruby-2.2.0/lib/ruby/2.2.0/webrick/httpserver.rb:138:in `service'
  /home/oaksu-san/.rvm/rubies/ruby-2.2.0/lib/ruby/2.2.0/webrick/httpserver.rb:94:in `run'
  /home/oaksu-san/.rvm/rubies/ruby-2.2.0/lib/ruby/2.2.0/webrick/server.rb:294:in `block in start_thread'


  Rendered /home/oaksu-san/.rvm/gems/ruby-2.2.0/gems/actionpack-4.2.0/lib/action_dispatch/middleware/templates/rescues/_source.erb (2.2ms)
  Rendered /home/oaksu-san/.rvm/gems/ruby-2.2.0/gems/actionpack-4.2.0/lib/action_dispatch/middleware/templates/rescues/_trace.html.erb (1.1ms)
  Rendered /home/oaksu-san/.rvm/gems/ruby-2.2.0/gems/actionpack-4.2.0/lib/action_dispatch/middleware/templates/rescues/_request_and_response.html.erb (0.5ms)
  Rendered /home/oaksu-san/.rvm/gems/ruby-2.2.0/gems/actionpack-4.2.0/lib/action_dispatch/middleware/templates/rescues/diagnostics.html.erb within rescues/layout (11.5ms)
  Rendered /home/oaksu-san/.rvm/gems/ruby-2.2.0/gems/web-console-2.1.0/lib/web_console/templates/_markup.html (0.2ms)
  Rendered /home/oaksu-san/.rvm/gems/ruby-2.2.0/gems/web-console-2.1.0/lib/web_console/templates/style.css within layouts/inlined_string (0.2ms)
  Rendered /home/oaksu-san/.rvm/gems/ruby-2.2.0/gems/web-console-2.1.0/lib/web_console/templates/_inner_console_markup.html within layouts/inlined_string (0.2ms)
  Rendered /home/oaksu-san/.rvm/gems/ruby-2.2.0/gems/web-console-2.1.0/lib/web_console/templates/_prompt_box_markup.html within layouts/inlined_string (0.1ms)
  Rendered /home/oaksu-san/.rvm/gems/ruby-2.2.0/gems/web-console-2.1.0/lib/web_console/templates/console.js within layouts/javascript (9.5ms)
  Rendered /home/oaksu-san/.rvm/gems/ruby-2.2.0/gems/web-console-2.1.0/lib/web_console/templates/main.js within layouts/javascript (1.2ms)
  Rendered /home/oaksu-san/.rvm/gems/ruby-2.2.0/gems/web-console-2.1.0/lib/web_console/templates/error_page.js within layouts/javascript (0.2ms)
  Rendered /home/oaksu-san/.rvm/gems/ruby-2.2.0/gems/web-console-2.1.0/lib/web_console/templates/index.html (20.4ms)


Started POST "/auth/fitbit/console/repl_sessions/127306f762300bcacfc2caf111c5a51d/trace" for 127.0.0.1 at 2015-03-10 15:42:46 -0500


Started GET "/auth/fitbit/" for 127.0.0.1 at 2015-03-10 15:43:24 -0500


Started GET "/auth/fitbit/callback?oauth_token=3b25e238d60c4170ded7672b7fb4c50a&oauth_verifier=l36onu3ngudqpu2i1ofm4pr445" for 127.0.0.1 at 2015-03-10 15:43:28 -0500
Processing by SessionsController#create as HTML
  Parameters: {"oauth_token"=>"3b25e238d60c4170ded7672b7fb4c50a", "oauth_verifier"=>"l36onu3ngudqpu2i1ofm4pr445", "provider"=>"fitbit"}
  [1m[35mAuthorization Load (0.1ms)[0m  SELECT  "authorizations".* FROM "authorizations" WHERE "authorizations"."provider" = ? AND "authorizations"."uid" = ? LIMIT 1  [["provider", "fitbit"], ["uid", "37W58D"]]
  [1m[36m (0.1ms)[0m  [1mbegin transaction[0m
  [1m[35m (0.1ms)[0m  rollback transaction
  Rendered text template (0.0ms)
Completed 200 OK in 4ms (Views: 0.2ms | ActiveRecord: 0.3ms)


Started GET "/auth/fitbit/callback?oauth_token=3b25e238d60c4170ded7672b7fb4c50a&oauth_verifier=l36onu3ngudqpu2i1ofm4pr445" for 127.0.0.1 at 2015-03-10 15:44:15 -0500

NoMethodError (undefined method `[]' for nil:NilClass):
  omniauth-fitbit (1.0.4) lib/omniauth/strategies/fitbit.rb:23:in `block in <class:Fitbit>'
  omniauth (1.2.2) lib/omniauth/strategy.rb:105:in `instance_eval'
  omniauth (1.2.2) lib/omniauth/strategy.rb:105:in `block in compile_stack'
  omniauth (1.2.2) lib/omniauth/strategy.rb:104:in `each'
  omniauth (1.2.2) lib/omniauth/strategy.rb:104:in `inject'
  omniauth (1.2.2) lib/omniauth/strategy.rb:104:in `compile_stack'
  (eval):7:in `info_stack'
  omniauth (1.2.2) lib/omniauth/strategy.rb:321:in `info'
  omniauth (1.2.2) lib/omniauth/strategy.rb:334:in `auth_hash'
  omniauth (1.2.2) lib/omniauth/strategy.rb:361:in `callback_phase'
  omniauth-oauth (1.0.1) lib/omniauth/strategies/oauth.rb:58:in `callback_phase'
  omniauth (1.2.2) lib/omniauth/strategy.rb:227:in `callback_call'
  omniauth (1.2.2) lib/omniauth/strategy.rb:184:in `call!'
  omniauth (1.2.2) lib/omniauth/strategy.rb:164:in `call'
  omniauth (1.2.2) lib/omniauth/builder.rb:59:in `call'
  rack (1.6.0) lib/rack/etag.rb:24:in `call'
  rack (1.6.0) lib/rack/conditionalget.rb:25:in `call'
  rack (1.6.0) lib/rack/head.rb:13:in `call'
  actionpack (4.2.0) lib/action_dispatch/middleware/params_parser.rb:27:in `call'
  actionpack (4.2.0) lib/action_dispatch/middleware/flash.rb:260:in `call'
  rack (1.6.0) lib/rack/session/abstract/id.rb:225:in `context'
  rack (1.6.0) lib/rack/session/abstract/id.rb:220:in `call'
  actionpack (4.2.0) lib/action_dispatch/middleware/cookies.rb:560:in `call'
  activerecord (4.2.0) lib/active_record/query_cache.rb:36:in `call'
  activerecord (4.2.0) lib/active_record/connection_adapters/abstract/connection_pool.rb:647:in `call'
  activerecord (4.2.0) lib/active_record/migration.rb:378:in `call'
  actionpack (4.2.0) lib/action_dispatch/middleware/callbacks.rb:29:in `block in call'
  activesupport (4.2.0) lib/active_support/callbacks.rb:88:in `call'
  activesupport (4.2.0) lib/active_support/callbacks.rb:88:in `_run_callbacks'
  activesupport (4.2.0) lib/active_support/callbacks.rb:734:in `_run_call_callbacks'
  activesupport (4.2.0) lib/active_support/callbacks.rb:81:in `run_callbacks'
  actionpack (4.2.0) lib/action_dispatch/middleware/callbacks.rb:27:in `call'
  actionpack (4.2.0) lib/action_dispatch/middleware/reloader.rb:73:in `call'
  actionpack (4.2.0) lib/action_dispatch/middleware/remote_ip.rb:78:in `call'
  actionpack (4.2.0) lib/action_dispatch/middleware/debug_exceptions.rb:17:in `call'
  web-console (2.1.0) lib/web_console/middleware.rb:37:in `call'
  actionpack (4.2.0) lib/action_dispatch/middleware/show_exceptions.rb:30:in `call'
  railties (4.2.0) lib/rails/rack/logger.rb:38:in `call_app'
  railties (4.2.0) lib/rails/rack/logger.rb:20:in `block in call'
  activesupport (4.2.0) lib/active_support/tagged_logging.rb:68:in `block in tagged'
  activesupport (4.2.0) lib/active_support/tagged_logging.rb:26:in `tagged'
  activesupport (4.2.0) lib/active_support/tagged_logging.rb:68:in `tagged'
  railties (4.2.0) lib/rails/rack/logger.rb:20:in `call'
  actionpack (4.2.0) lib/action_dispatch/middleware/request_id.rb:21:in `call'
  rack (1.6.0) lib/rack/methodoverride.rb:22:in `call'
  rack (1.6.0) lib/rack/runtime.rb:18:in `call'
  activesupport (4.2.0) lib/active_support/cache/strategy/local_cache_middleware.rb:28:in `call'
  rack (1.6.0) lib/rack/lock.rb:17:in `call'
  actionpack (4.2.0) lib/action_dispatch/middleware/static.rb:113:in `call'
  rack (1.6.0) lib/rack/sendfile.rb:113:in `call'
  railties (4.2.0) lib/rails/engine.rb:518:in `call'
  railties (4.2.0) lib/rails/application.rb:164:in `call'
  rack (1.6.0) lib/rack/lock.rb:17:in `call'
  rack (1.6.0) lib/rack/content_length.rb:15:in `call'
  rack (1.6.0) lib/rack/handler/webrick.rb:89:in `service'
  /home/oaksu-san/.rvm/rubies/ruby-2.2.0/lib/ruby/2.2.0/webrick/httpserver.rb:138:in `service'
  /home/oaksu-san/.rvm/rubies/ruby-2.2.0/lib/ruby/2.2.0/webrick/httpserver.rb:94:in `run'
  /home/oaksu-san/.rvm/rubies/ruby-2.2.0/lib/ruby/2.2.0/webrick/server.rb:294:in `block in start_thread'


  Rendered /home/oaksu-san/.rvm/gems/ruby-2.2.0/gems/actionpack-4.2.0/lib/action_dispatch/middleware/templates/rescues/_source.erb (2.4ms)
  Rendered /home/oaksu-san/.rvm/gems/ruby-2.2.0/gems/actionpack-4.2.0/lib/action_dispatch/middleware/templates/rescues/_trace.html.erb (1.5ms)
  Rendered /home/oaksu-san/.rvm/gems/ruby-2.2.0/gems/actionpack-4.2.0/lib/action_dispatch/middleware/templates/rescues/_request_and_response.html.erb (0.6ms)
  Rendered /home/oaksu-san/.rvm/gems/ruby-2.2.0/gems/actionpack-4.2.0/lib/action_dispatch/middleware/templates/rescues/diagnostics.html.erb within rescues/layout (12.2ms)
  Rendered /home/oaksu-san/.rvm/gems/ruby-2.2.0/gems/web-console-2.1.0/lib/web_console/templates/_markup.html (0.2ms)
  Rendered /home/oaksu-san/.rvm/gems/ruby-2.2.0/gems/web-console-2.1.0/lib/web_console/templates/style.css within layouts/inlined_string (0.2ms)
  Rendered /home/oaksu-san/.rvm/gems/ruby-2.2.0/gems/web-console-2.1.0/lib/web_console/templates/_inner_console_markup.html within layouts/inlined_string (0.1ms)
  Rendered /home/oaksu-san/.rvm/gems/ruby-2.2.0/gems/web-console-2.1.0/lib/web_console/templates/_prompt_box_markup.html within layouts/inlined_string (0.2ms)
  Rendered /home/oaksu-san/.rvm/gems/ruby-2.2.0/gems/web-console-2.1.0/lib/web_console/templates/console.js within layouts/javascript (9.8ms)
  Rendered /home/oaksu-san/.rvm/gems/ruby-2.2.0/gems/web-console-2.1.0/lib/web_console/templates/main.js within layouts/javascript (0.2ms)
  Rendered /home/oaksu-san/.rvm/gems/ruby-2.2.0/gems/web-console-2.1.0/lib/web_console/templates/error_page.js within layouts/javascript (0.2ms)
  Rendered /home/oaksu-san/.rvm/gems/ruby-2.2.0/gems/web-console-2.1.0/lib/web_console/templates/index.html (18.7ms)


Started GET "/auth/fitbit/" for 127.0.0.1 at 2015-03-10 15:45:04 -0500


Started GET "/auth/fitbit/callback?oauth_token=6eb41dd179f42ea953f7683df4961c24&oauth_verifier=m90kr9qd1ntur26k47nvdat41v" for 127.0.0.1 at 2015-03-10 15:47:44 -0500
Processing by SessionsController#create as HTML
  Parameters: {"oauth_token"=>"6eb41dd179f42ea953f7683df4961c24", "oauth_verifier"=>"m90kr9qd1ntur26k47nvdat41v", "provider"=>"fitbit"}
  [1m[36mAuthorization Load (0.2ms)[0m  [1mSELECT  "authorizations".* FROM "authorizations" WHERE "authorizations"."provider" = ? AND "authorizations"."uid" = ? LIMIT 1[0m  [["provider", "fitbit"], ["uid", "37W58D"]]
  [1m[35m (0.0ms)[0m  begin transaction
  [1m[36m (0.1ms)[0m  [1mrollback transaction[0m
  Rendered text template (0.0ms)
Completed 200 OK in 3ms (Views: 0.3ms | ActiveRecord: 0.3ms)


Started GET "/auth/fitbit/callback?oauth_token=6eb41dd179f42ea953f7683df4961c24&oauth_verifier=m90kr9qd1ntur26k47nvdat41v" for 127.0.0.1 at 2015-03-10 15:48:06 -0500

NoMethodError (undefined method `[]' for nil:NilClass):
  omniauth-fitbit (1.0.4) lib/omniauth/strategies/fitbit.rb:23:in `block in <class:Fitbit>'
  omniauth (1.2.2) lib/omniauth/strategy.rb:105:in `instance_eval'
  omniauth (1.2.2) lib/omniauth/strategy.rb:105:in `block in compile_stack'
  omniauth (1.2.2) lib/omniauth/strategy.rb:104:in `each'
  omniauth (1.2.2) lib/omniauth/strategy.rb:104:in `inject'
  omniauth (1.2.2) lib/omniauth/strategy.rb:104:in `compile_stack'
  (eval):7:in `info_stack'
  omniauth (1.2.2) lib/omniauth/strategy.rb:321:in `info'
  omniauth (1.2.2) lib/omniauth/strategy.rb:334:in `auth_hash'
  omniauth (1.2.2) lib/omniauth/strategy.rb:361:in `callback_phase'
  omniauth-oauth (1.0.1) lib/omniauth/strategies/oauth.rb:58:in `callback_phase'
  omniauth (1.2.2) lib/omniauth/strategy.rb:227:in `callback_call'
  omniauth (1.2.2) lib/omniauth/strategy.rb:184:in `call!'
  omniauth (1.2.2) lib/omniauth/strategy.rb:164:in `call'
  omniauth (1.2.2) lib/omniauth/builder.rb:59:in `call'
  rack (1.6.0) lib/rack/etag.rb:24:in `call'
  rack (1.6.0) lib/rack/conditionalget.rb:25:in `call'
  rack (1.6.0) lib/rack/head.rb:13:in `call'
  actionpack (4.2.0) lib/action_dispatch/middleware/params_parser.rb:27:in `call'
  actionpack (4.2.0) lib/action_dispatch/middleware/flash.rb:260:in `call'
  rack (1.6.0) lib/rack/session/abstract/id.rb:225:in `context'
  rack (1.6.0) lib/rack/session/abstract/id.rb:220:in `call'
  actionpack (4.2.0) lib/action_dispatch/middleware/cookies.rb:560:in `call'
  activerecord (4.2.0) lib/active_record/query_cache.rb:36:in `call'
  activerecord (4.2.0) lib/active_record/connection_adapters/abstract/connection_pool.rb:647:in `call'
  activerecord (4.2.0) lib/active_record/migration.rb:378:in `call'
  actionpack (4.2.0) lib/action_dispatch/middleware/callbacks.rb:29:in `block in call'
  activesupport (4.2.0) lib/active_support/callbacks.rb:88:in `call'
  activesupport (4.2.0) lib/active_support/callbacks.rb:88:in `_run_callbacks'
  activesupport (4.2.0) lib/active_support/callbacks.rb:734:in `_run_call_callbacks'
  activesupport (4.2.0) lib/active_support/callbacks.rb:81:in `run_callbacks'
  actionpack (4.2.0) lib/action_dispatch/middleware/callbacks.rb:27:in `call'
  actionpack (4.2.0) lib/action_dispatch/middleware/reloader.rb:73:in `call'
  actionpack (4.2.0) lib/action_dispatch/middleware/remote_ip.rb:78:in `call'
  actionpack (4.2.0) lib/action_dispatch/middleware/debug_exceptions.rb:17:in `call'
  web-console (2.1.0) lib/web_console/middleware.rb:37:in `call'
  actionpack (4.2.0) lib/action_dispatch/middleware/show_exceptions.rb:30:in `call'
  railties (4.2.0) lib/rails/rack/logger.rb:38:in `call_app'
  railties (4.2.0) lib/rails/rack/logger.rb:20:in `block in call'
  activesupport (4.2.0) lib/active_support/tagged_logging.rb:68:in `block in tagged'
  activesupport (4.2.0) lib/active_support/tagged_logging.rb:26:in `tagged'
  activesupport (4.2.0) lib/active_support/tagged_logging.rb:68:in `tagged'
  railties (4.2.0) lib/rails/rack/logger.rb:20:in `call'
  actionpack (4.2.0) lib/action_dispatch/middleware/request_id.rb:21:in `call'
  rack (1.6.0) lib/rack/methodoverride.rb:22:in `call'
  rack (1.6.0) lib/rack/runtime.rb:18:in `call'
  activesupport (4.2.0) lib/active_support/cache/strategy/local_cache_middleware.rb:28:in `call'
  rack (1.6.0) lib/rack/lock.rb:17:in `call'
  actionpack (4.2.0) lib/action_dispatch/middleware/static.rb:113:in `call'
  rack (1.6.0) lib/rack/sendfile.rb:113:in `call'
  railties (4.2.0) lib/rails/engine.rb:518:in `call'
  railties (4.2.0) lib/rails/application.rb:164:in `call'
  rack (1.6.0) lib/rack/lock.rb:17:in `call'
  rack (1.6.0) lib/rack/content_length.rb:15:in `call'
  rack (1.6.0) lib/rack/handler/webrick.rb:89:in `service'
  /home/oaksu-san/.rvm/rubies/ruby-2.2.0/lib/ruby/2.2.0/webrick/httpserver.rb:138:in `service'
  /home/oaksu-san/.rvm/rubies/ruby-2.2.0/lib/ruby/2.2.0/webrick/httpserver.rb:94:in `run'
  /home/oaksu-san/.rvm/rubies/ruby-2.2.0/lib/ruby/2.2.0/webrick/server.rb:294:in `block in start_thread'


  Rendered /home/oaksu-san/.rvm/gems/ruby-2.2.0/gems/actionpack-4.2.0/lib/action_dispatch/middleware/templates/rescues/_source.erb (3.3ms)
  Rendered /home/oaksu-san/.rvm/gems/ruby-2.2.0/gems/actionpack-4.2.0/lib/action_dispatch/middleware/templates/rescues/_trace.html.erb (1.6ms)
  Rendered /home/oaksu-san/.rvm/gems/ruby-2.2.0/gems/actionpack-4.2.0/lib/action_dispatch/middleware/templates/rescues/_request_and_response.html.erb (0.9ms)
  Rendered /home/oaksu-san/.rvm/gems/ruby-2.2.0/gems/actionpack-4.2.0/lib/action_dispatch/middleware/templates/rescues/diagnostics.html.erb within rescues/layout (18.0ms)
  Rendered /home/oaksu-san/.rvm/gems/ruby-2.2.0/gems/web-console-2.1.0/lib/web_console/templates/_markup.html (0.3ms)
  Rendered /home/oaksu-san/.rvm/gems/ruby-2.2.0/gems/web-console-2.1.0/lib/web_console/templates/style.css within layouts/inlined_string (0.2ms)
  Rendered /home/oaksu-san/.rvm/gems/ruby-2.2.0/gems/web-console-2.1.0/lib/web_console/templates/_inner_console_markup.html within layouts/inlined_string (0.2ms)
  Rendered /home/oaksu-san/.rvm/gems/ruby-2.2.0/gems/web-console-2.1.0/lib/web_console/templates/_prompt_box_markup.html within layouts/inlined_string (0.2ms)
  Rendered /home/oaksu-san/.rvm/gems/ruby-2.2.0/gems/web-console-2.1.0/lib/web_console/templates/console.js within layouts/javascript (12.5ms)
  Rendered /home/oaksu-san/.rvm/gems/ruby-2.2.0/gems/web-console-2.1.0/lib/web_console/templates/main.js within layouts/javascript (0.2ms)
  Rendered /home/oaksu-san/.rvm/gems/ruby-2.2.0/gems/web-console-2.1.0/lib/web_console/templates/error_page.js within layouts/javascript (0.3ms)
  Rendered /home/oaksu-san/.rvm/gems/ruby-2.2.0/gems/web-console-2.1.0/lib/web_console/templates/index.html (25.4ms)


Started PUT "/auth/fitbit/console/repl_sessions/d240e52ab8249936b87d7011c85cdb6d" for 127.0.0.1 at 2015-03-10 15:49:36 -0500


Started GET "/auth/fitbit" for 127.0.0.1 at 2015-03-10 15:50:55 -0500


Started GET "/auth/fitbit/callback?oauth_token=1f2bc73f0863738357af0e40ab280e48&oauth_verifier=efmtnfcmnqnh9d1d324ok8ml3n" for 127.0.0.1 at 2015-03-10 15:51:04 -0500
Processing by SessionsController#create as HTML
  Parameters: {"oauth_token"=>"1f2bc73f0863738357af0e40ab280e48", "oauth_verifier"=>"efmtnfcmnqnh9d1d324ok8ml3n", "provider"=>"fitbit"}
  [1m[35mAuthorization Load (0.1ms)[0m  SELECT  "authorizations".* FROM "authorizations" WHERE "authorizations"."provider" = ? AND "authorizations"."uid" = ? LIMIT 1  [["provider", "fitbit"], ["uid", "37W58D"]]
  [1m[36m (0.0ms)[0m  [1mbegin transaction[0m
  [1m[35m (0.0ms)[0m  rollback transaction
  Rendered text template (0.0ms)
Completed 500 Internal Server Error in 13ms

AbstractController::DoubleRenderError (Render and/or redirect were called multiple times in this action. Please note that you may only call render OR redirect, and at most once per action. Also note that neither redirect nor render terminate execution of the action, so if you want to exit an action after redirecting, you need to do something like "redirect_to(...) and return".):
  app/controllers/sessions_controller.rb:16:in `create'


  Rendered /home/oaksu-san/.rvm/gems/ruby-2.2.0/gems/actionpack-4.2.0/lib/action_dispatch/middleware/templates/rescues/_source.erb (4.7ms)
  Rendered /home/oaksu-san/.rvm/gems/ruby-2.2.0/gems/actionpack-4.2.0/lib/action_dispatch/middleware/templates/rescues/_trace.html.erb (2.6ms)
  Rendered /home/oaksu-san/.rvm/gems/ruby-2.2.0/gems/actionpack-4.2.0/lib/action_dispatch/middleware/templates/rescues/_request_and_response.html.erb (0.7ms)
  Rendered /home/oaksu-san/.rvm/gems/ruby-2.2.0/gems/actionpack-4.2.0/lib/action_dispatch/middleware/templates/rescues/diagnostics.html.erb within rescues/layout (17.4ms)
  Rendered /home/oaksu-san/.rvm/gems/ruby-2.2.0/gems/web-console-2.1.0/lib/web_console/templates/_markup.html (0.2ms)
  Rendered /home/oaksu-san/.rvm/gems/ruby-2.2.0/gems/web-console-2.1.0/lib/web_console/templates/style.css within layouts/inlined_string (0.2ms)
  Rendered /home/oaksu-san/.rvm/gems/ruby-2.2.0/gems/web-console-2.1.0/lib/web_console/templates/_inner_console_markup.html within layouts/inlined_string (0.2ms)
  Rendered /home/oaksu-san/.rvm/gems/ruby-2.2.0/gems/web-console-2.1.0/lib/web_console/templates/_prompt_box_markup.html within layouts/inlined_string (0.3ms)
  Rendered /home/oaksu-san/.rvm/gems/ruby-2.2.0/gems/web-console-2.1.0/lib/web_console/templates/console.js within layouts/javascript (9.1ms)
  Rendered /home/oaksu-san/.rvm/gems/ruby-2.2.0/gems/web-console-2.1.0/lib/web_console/templates/main.js within layouts/javascript (0.3ms)
  Rendered /home/oaksu-san/.rvm/gems/ruby-2.2.0/gems/web-console-2.1.0/lib/web_console/templates/error_page.js within layouts/javascript (0.2ms)
  Rendered /home/oaksu-san/.rvm/gems/ruby-2.2.0/gems/web-console-2.1.0/lib/web_console/templates/index.html (19.1ms)


Started GET "/auth/fitbit/callback?oauth_token=1f2bc73f0863738357af0e40ab280e48&oauth_verifier=efmtnfcmnqnh9d1d324ok8ml3n" for 127.0.0.1 at 2015-03-10 15:51:32 -0500

OAuth::Unauthorized (401 Unauthorized):
  oauth (0.4.7) lib/oauth/consumer.rb:216:in `token_request'
  oauth (0.4.7) lib/oauth/tokens/request_token.rb:18:in `get_access_token'
  omniauth-oauth (1.0.1) lib/omniauth/strategies/oauth.rb:57:in `callback_phase'
  omniauth (1.2.2) lib/omniauth/strategy.rb:227:in `callback_call'
  omniauth (1.2.2) lib/omniauth/strategy.rb:184:in `call!'
  omniauth (1.2.2) lib/omniauth/strategy.rb:164:in `call'
  omniauth (1.2.2) lib/omniauth/builder.rb:59:in `call'
  rack (1.6.0) lib/rack/etag.rb:24:in `call'
  rack (1.6.0) lib/rack/conditionalget.rb:25:in `call'
  rack (1.6.0) lib/rack/head.rb:13:in `call'
  actionpack (4.2.0) lib/action_dispatch/middleware/params_parser.rb:27:in `call'
  actionpack (4.2.0) lib/action_dispatch/middleware/flash.rb:260:in `call'
  rack (1.6.0) lib/rack/session/abstract/id.rb:225:in `context'
  rack (1.6.0) lib/rack/session/abstract/id.rb:220:in `call'
  actionpack (4.2.0) lib/action_dispatch/middleware/cookies.rb:560:in `call'
  activerecord (4.2.0) lib/active_record/query_cache.rb:36:in `call'
  activerecord (4.2.0) lib/active_record/connection_adapters/abstract/connection_pool.rb:647:in `call'
  activerecord (4.2.0) lib/active_record/migration.rb:378:in `call'
  actionpack (4.2.0) lib/action_dispatch/middleware/callbacks.rb:29:in `block in call'
  activesupport (4.2.0) lib/active_support/callbacks.rb:88:in `call'
  activesupport (4.2.0) lib/active_support/callbacks.rb:88:in `_run_callbacks'
  activesupport (4.2.0) lib/active_support/callbacks.rb:734:in `_run_call_callbacks'
  activesupport (4.2.0) lib/active_support/callbacks.rb:81:in `run_callbacks'
  actionpack (4.2.0) lib/action_dispatch/middleware/callbacks.rb:27:in `call'
  actionpack (4.2.0) lib/action_dispatch/middleware/reloader.rb:73:in `call'
  actionpack (4.2.0) lib/action_dispatch/middleware/remote_ip.rb:78:in `call'
  actionpack (4.2.0) lib/action_dispatch/middleware/debug_exceptions.rb:17:in `call'
  web-console (2.1.0) lib/web_console/middleware.rb:37:in `call'
  actionpack (4.2.0) lib/action_dispatch/middleware/show_exceptions.rb:30:in `call'
  railties (4.2.0) lib/rails/rack/logger.rb:38:in `call_app'
  railties (4.2.0) lib/rails/rack/logger.rb:20:in `block in call'
  activesupport (4.2.0) lib/active_support/tagged_logging.rb:68:in `block in tagged'
  activesupport (4.2.0) lib/active_support/tagged_logging.rb:26:in `tagged'
  activesupport (4.2.0) lib/active_support/tagged_logging.rb:68:in `tagged'
  railties (4.2.0) lib/rails/rack/logger.rb:20:in `call'
  actionpack (4.2.0) lib/action_dispatch/middleware/request_id.rb:21:in `call'
  rack (1.6.0) lib/rack/methodoverride.rb:22:in `call'
  rack (1.6.0) lib/rack/runtime.rb:18:in `call'
  activesupport (4.2.0) lib/active_support/cache/strategy/local_cache_middleware.rb:28:in `call'
  rack (1.6.0) lib/rack/lock.rb:17:in `call'
  actionpack (4.2.0) lib/action_dispatch/middleware/static.rb:113:in `call'
  rack (1.6.0) lib/rack/sendfile.rb:113:in `call'
  railties (4.2.0) lib/rails/engine.rb:518:in `call'
  railties (4.2.0) lib/rails/application.rb:164:in `call'
  rack (1.6.0) lib/rack/lock.rb:17:in `call'
  rack (1.6.0) lib/rack/content_length.rb:15:in `call'
  rack (1.6.0) lib/rack/handler/webrick.rb:89:in `service'
  /home/oaksu-san/.rvm/rubies/ruby-2.2.0/lib/ruby/2.2.0/webrick/httpserver.rb:138:in `service'
  /home/oaksu-san/.rvm/rubies/ruby-2.2.0/lib/ruby/2.2.0/webrick/httpserver.rb:94:in `run'
  /home/oaksu-san/.rvm/rubies/ruby-2.2.0/lib/ruby/2.2.0/webrick/server.rb:294:in `block in start_thread'


  Rendered /home/oaksu-san/.rvm/gems/ruby-2.2.0/gems/actionpack-4.2.0/lib/action_dispatch/middleware/templates/rescues/_source.erb (1.9ms)
  Rendered /home/oaksu-san/.rvm/gems/ruby-2.2.0/gems/actionpack-4.2.0/lib/action_dispatch/middleware/templates/rescues/_trace.html.erb (1.2ms)
  Rendered /home/oaksu-san/.rvm/gems/ruby-2.2.0/gems/actionpack-4.2.0/lib/action_dispatch/middleware/templates/rescues/_request_and_response.html.erb (0.6ms)
  Rendered /home/oaksu-san/.rvm/gems/ruby-2.2.0/gems/actionpack-4.2.0/lib/action_dispatch/middleware/templates/rescues/diagnostics.html.erb within rescues/layout (11.3ms)
  Rendered /home/oaksu-san/.rvm/gems/ruby-2.2.0/gems/web-console-2.1.0/lib/web_console/templates/_markup.html (0.2ms)
  Rendered /home/oaksu-san/.rvm/gems/ruby-2.2.0/gems/web-console-2.1.0/lib/web_console/templates/style.css within layouts/inlined_string (2.0ms)
  Rendered /home/oaksu-san/.rvm/gems/ruby-2.2.0/gems/web-console-2.1.0/lib/web_console/templates/_inner_console_markup.html within layouts/inlined_string (0.1ms)
  Rendered /home/oaksu-san/.rvm/gems/ruby-2.2.0/gems/web-console-2.1.0/lib/web_console/templates/_prompt_box_markup.html within layouts/inlined_string (0.1ms)
  Rendered /home/oaksu-san/.rvm/gems/ruby-2.2.0/gems/web-console-2.1.0/lib/web_console/templates/console.js within layouts/javascript (10.6ms)
  Rendered /home/oaksu-san/.rvm/gems/ruby-2.2.0/gems/web-console-2.1.0/lib/web_console/templates/main.js within layouts/javascript (0.2ms)
  Rendered /home/oaksu-san/.rvm/gems/ruby-2.2.0/gems/web-console-2.1.0/lib/web_console/templates/error_page.js within layouts/javascript (0.2ms)
  Rendered /home/oaksu-san/.rvm/gems/ruby-2.2.0/gems/web-console-2.1.0/lib/web_console/templates/index.html (19.5ms)


Started GET "/auth/fitbit" for 127.0.0.1 at 2015-03-10 15:52:07 -0500


Started GET "/auth/fitbit/callback?oauth_token=fda75f50ce8adebf4f2fd3926dbc6619&oauth_verifier=vefm5ecq4joa6hnhemrrikuapv" for 127.0.0.1 at 2015-03-10 15:52:09 -0500
Processing by SessionsController#create as HTML
  Parameters: {"oauth_token"=>"fda75f50ce8adebf4f2fd3926dbc6619", "oauth_verifier"=>"vefm5ecq4joa6hnhemrrikuapv", "provider"=>"fitbit"}
  [1m[36mAuthorization Load (0.1ms)[0m  [1mSELECT  "authorizations".* FROM "authorizations" WHERE "authorizations"."provider" = ? AND "authorizations"."uid" = ? LIMIT 1[0m  [["provider", "fitbit"], ["uid", "37W58D"]]
  [1m[35m (0.1ms)[0m  begin transaction
  [1m[36m (0.1ms)[0m  [1mrollback transaction[0m
  Rendered text template (0.0ms)
Completed 200 OK in 19ms (Views: 2.4ms | ActiveRecord: 1.0ms)


Started GET "/auth/fitbit/callback?oauth_token=fda75f50ce8adebf4f2fd3926dbc6619&oauth_verifier=vefm5ecq4joa6hnhemrrikuapv" for 127.0.0.1 at 2015-03-10 15:52:34 -0500

NoMethodError (undefined method `[]' for nil:NilClass):
  omniauth-fitbit (1.0.4) lib/omniauth/strategies/fitbit.rb:23:in `block in <class:Fitbit>'
  omniauth (1.2.2) lib/omniauth/strategy.rb:105:in `instance_eval'
  omniauth (1.2.2) lib/omniauth/strategy.rb:105:in `block in compile_stack'
  omniauth (1.2.2) lib/omniauth/strategy.rb:104:in `each'
  omniauth (1.2.2) lib/omniauth/strategy.rb:104:in `inject'
  omniauth (1.2.2) lib/omniauth/strategy.rb:104:in `compile_stack'
  (eval):7:in `info_stack'
  omniauth (1.2.2) lib/omniauth/strategy.rb:321:in `info'
  omniauth (1.2.2) lib/omniauth/strategy.rb:334:in `auth_hash'
  omniauth (1.2.2) lib/omniauth/strategy.rb:361:in `callback_phase'
  omniauth-oauth (1.0.1) lib/omniauth/strategies/oauth.rb:58:in `callback_phase'
  omniauth (1.2.2) lib/omniauth/strategy.rb:227:in `callback_call'
  omniauth (1.2.2) lib/omniauth/strategy.rb:184:in `call!'
  omniauth (1.2.2) lib/omniauth/strategy.rb:164:in `call'
  omniauth (1.2.2) lib/omniauth/builder.rb:59:in `call'
  rack (1.6.0) lib/rack/etag.rb:24:in `call'
  rack (1.6.0) lib/rack/conditionalget.rb:25:in `call'
  rack (1.6.0) lib/rack/head.rb:13:in `call'
  actionpack (4.2.0) lib/action_dispatch/middleware/params_parser.rb:27:in `call'
  actionpack (4.2.0) lib/action_dispatch/middleware/flash.rb:260:in `call'
  rack (1.6.0) lib/rack/session/abstract/id.rb:225:in `context'
  rack (1.6.0) lib/rack/session/abstract/id.rb:220:in `call'
  actionpack (4.2.0) lib/action_dispatch/middleware/cookies.rb:560:in `call'
  activerecord (4.2.0) lib/active_record/query_cache.rb:36:in `call'
  activerecord (4.2.0) lib/active_record/connection_adapters/abstract/connection_pool.rb:647:in `call'
  activerecord (4.2.0) lib/active_record/migration.rb:378:in `call'
  actionpack (4.2.0) lib/action_dispatch/middleware/callbacks.rb:29:in `block in call'
  activesupport (4.2.0) lib/active_support/callbacks.rb:88:in `call'
  activesupport (4.2.0) lib/active_support/callbacks.rb:88:in `_run_callbacks'
  activesupport (4.2.0) lib/active_support/callbacks.rb:734:in `_run_call_callbacks'
  activesupport (4.2.0) lib/active_support/callbacks.rb:81:in `run_callbacks'
  actionpack (4.2.0) lib/action_dispatch/middleware/callbacks.rb:27:in `call'
  actionpack (4.2.0) lib/action_dispatch/middleware/reloader.rb:73:in `call'
  actionpack (4.2.0) lib/action_dispatch/middleware/remote_ip.rb:78:in `call'
  actionpack (4.2.0) lib/action_dispatch/middleware/debug_exceptions.rb:17:in `call'
  web-console (2.1.0) lib/web_console/middleware.rb:37:in `call'
  actionpack (4.2.0) lib/action_dispatch/middleware/show_exceptions.rb:30:in `call'
  railties (4.2.0) lib/rails/rack/logger.rb:38:in `call_app'
  railties (4.2.0) lib/rails/rack/logger.rb:20:in `block in call'
  activesupport (4.2.0) lib/active_support/tagged_logging.rb:68:in `block in tagged'
  activesupport (4.2.0) lib/active_support/tagged_logging.rb:26:in `tagged'
  activesupport (4.2.0) lib/active_support/tagged_logging.rb:68:in `tagged'
  railties (4.2.0) lib/rails/rack/logger.rb:20:in `call'
  actionpack (4.2.0) lib/action_dispatch/middleware/request_id.rb:21:in `call'
  rack (1.6.0) lib/rack/methodoverride.rb:22:in `call'
  rack (1.6.0) lib/rack/runtime.rb:18:in `call'
  activesupport (4.2.0) lib/active_support/cache/strategy/local_cache_middleware.rb:28:in `call'
  rack (1.6.0) lib/rack/lock.rb:17:in `call'
  actionpack (4.2.0) lib/action_dispatch/middleware/static.rb:113:in `call'
  rack (1.6.0) lib/rack/sendfile.rb:113:in `call'
  railties (4.2.0) lib/rails/engine.rb:518:in `call'
  railties (4.2.0) lib/rails/application.rb:164:in `call'
  rack (1.6.0) lib/rack/lock.rb:17:in `call'
  rack (1.6.0) lib/rack/content_length.rb:15:in `call'
  rack (1.6.0) lib/rack/handler/webrick.rb:89:in `service'
  /home/oaksu-san/.rvm/rubies/ruby-2.2.0/lib/ruby/2.2.0/webrick/httpserver.rb:138:in `service'
  /home/oaksu-san/.rvm/rubies/ruby-2.2.0/lib/ruby/2.2.0/webrick/httpserver.rb:94:in `run'
  /home/oaksu-san/.rvm/rubies/ruby-2.2.0/lib/ruby/2.2.0/webrick/server.rb:294:in `block in start_thread'


  Rendered /home/oaksu-san/.rvm/gems/ruby-2.2.0/gems/actionpack-4.2.0/lib/action_dispatch/middleware/templates/rescues/_source.erb (2.1ms)
  Rendered /home/oaksu-san/.rvm/gems/ruby-2.2.0/gems/actionpack-4.2.0/lib/action_dispatch/middleware/templates/rescues/_trace.html.erb (1.2ms)
  Rendered /home/oaksu-san/.rvm/gems/ruby-2.2.0/gems/actionpack-4.2.0/lib/action_dispatch/middleware/templates/rescues/_request_and_response.html.erb (0.5ms)
  Rendered /home/oaksu-san/.rvm/gems/ruby-2.2.0/gems/actionpack-4.2.0/lib/action_dispatch/middleware/templates/rescues/diagnostics.html.erb within rescues/layout (12.2ms)
  Rendered /home/oaksu-san/.rvm/gems/ruby-2.2.0/gems/web-console-2.1.0/lib/web_console/templates/_markup.html (0.2ms)
  Rendered /home/oaksu-san/.rvm/gems/ruby-2.2.0/gems/web-console-2.1.0/lib/web_console/templates/style.css within layouts/inlined_string (0.1ms)
  Rendered /home/oaksu-san/.rvm/gems/ruby-2.2.0/gems/web-console-2.1.0/lib/web_console/templates/_inner_console_markup.html within layouts/inlined_string (0.2ms)
  Rendered /home/oaksu-san/.rvm/gems/ruby-2.2.0/gems/web-console-2.1.0/lib/web_console/templates/_prompt_box_markup.html within layouts/inlined_string (0.1ms)
  Rendered /home/oaksu-san/.rvm/gems/ruby-2.2.0/gems/web-console-2.1.0/lib/web_console/templates/console.js within layouts/javascript (8.5ms)
  Rendered /home/oaksu-san/.rvm/gems/ruby-2.2.0/gems/web-console-2.1.0/lib/web_console/templates/main.js within layouts/javascript (0.1ms)
  Rendered /home/oaksu-san/.rvm/gems/ruby-2.2.0/gems/web-console-2.1.0/lib/web_console/templates/error_page.js within layouts/javascript (0.2ms)
  Rendered /home/oaksu-san/.rvm/gems/ruby-2.2.0/gems/web-console-2.1.0/lib/web_console/templates/index.html (17.4ms)
